<?xml version='1.0' encoding='UTF-8'?>
<testsuite hostname="DESKTOP-55AGI0I" name="example.HelloSpec" tests="1" errors="0" failures="0" skipped="0" time="0.015" timestamp="2021-12-20T12:36:16">
                     <properties>
[...]
</properties>
                     <testcase classname="example.HelloSpec" name="The Hello object should say hello" time="0.015">
                                                 
                                               </testcase>
                     <system-out><![CDATA[]]></system-out>
                     <system-err><![CDATA[]]></system-err>
                   </testsuite>